[[16:55:23] : INFO : common : yaml file: config\config.yaml loaded successfully]
[[16:55:23] : DEBUG : connectionpool : Starting new HTTPS connection (1): github.com:443]
[[16:55:24] : DEBUG : connectionpool : https://github.com:443 "GET /HarishKumarSedu/IVM6303/blob/master/src/raw_data/IVM6303_ATE_Test_Plan_Rev1.xlsx?raw=true HTTP/1.1" 302 0]
[[16:55:24] : DEBUG : connectionpool : https://github.com:443 "GET /HarishKumarSedu/IVM6303/raw/master/src/raw_data/IVM6303_ATE_Test_Plan_Rev1.xlsx HTTP/1.1" 302 0]
[[16:55:24] : DEBUG : connectionpool : Starting new HTTPS connection (1): raw.githubusercontent.com:443]
[[16:55:24] : DEBUG : connectionpool : https://raw.githubusercontent.com:443 "GET /HarishKumarSedu/IVM6303/master/src/raw_data/IVM6303_ATE_Test_Plan_Rev1.xlsx HTTP/1.1" 200 12373]
[[16:55:24] : INFO : data_ingestion :  data file name downloaded with name of IVM6303_ATE_Test_Plan_Rev1.xlsx]
[[16:55:24] : INFO : common : yaml file: config\config.yaml loaded successfully]
[[16:55:24] : INFO : test_data_generate : test data generated]
[[16:55:24] : INFO : test_data_generate : test sonfiguration file generated]
[[16:55:25] : INFO : common : yaml file: config\config.yaml loaded successfully]
[[16:55:25] : INFO : common : yaml file: artifacts\test_data_generate\test_config.yaml loaded successfully]
[[16:55:25] : WARNING : test_create : VBG_TRM_1_2V_REF.py script already exists...!]
[[16:55:25] : WARNING : test_create : FRO_TRM.py script already exists...!]
[[16:55:25] : WARNING : test_create : FRO_TRM_dummy.py script already exists...!]
[[17:06:20] : INFO : common : yaml file: config\config.yaml loaded successfully]
[[17:06:20] : DEBUG : connectionpool : Starting new HTTPS connection (1): github.com:443]
[[17:06:21] : DEBUG : connectionpool : https://github.com:443 "GET /HarishKumarSedu/IVM6303/blob/master/src/raw_data/IVM6303_ATE_Test_Plan_Rev1.xlsx?raw=true HTTP/1.1" 302 0]
[[17:06:21] : DEBUG : connectionpool : https://github.com:443 "GET /HarishKumarSedu/IVM6303/raw/master/src/raw_data/IVM6303_ATE_Test_Plan_Rev1.xlsx HTTP/1.1" 302 0]
[[17:06:21] : DEBUG : connectionpool : Starting new HTTPS connection (1): raw.githubusercontent.com:443]
[[17:06:22] : DEBUG : connectionpool : https://raw.githubusercontent.com:443 "GET /HarishKumarSedu/IVM6303/master/src/raw_data/IVM6303_ATE_Test_Plan_Rev1.xlsx HTTP/1.1" 200 12373]
[[17:06:22] : INFO : data_ingestion :  data file name downloaded with name of IVM6303_ATE_Test_Plan_Rev1.xlsx]
[[17:06:22] : INFO : common : yaml file: config\config.yaml loaded successfully]
[[17:06:22] : INFO : test_data_generate : test data generated]
[[17:06:22] : INFO : test_data_generate : test sonfiguration file generated]
[[17:06:22] : INFO : common : yaml file: config\config.yaml loaded successfully]
[[17:06:22] : INFO : common : yaml file: artifacts\test_data_generate\test_config.yaml loaded successfully]
[[17:06:22] : WARNING : test_create : VBG_TRM_1_2V_REF.py script already exists...!]
[[17:06:22] : WARNING : test_create : FRO_TRM.py script already exists...!]
[[17:06:22] : WARNING : test_create : FRO_TRM_dummy.py script already exists...!]
[[17:23:30] : INFO : common : yaml file: config\config.yaml loaded successfully]
[[17:23:30] : DEBUG : connectionpool : Starting new HTTPS connection (1): github.com:443]
[[17:23:31] : DEBUG : connectionpool : https://github.com:443 "GET /HarishKumarSedu/IVM6303/blob/master/src/raw_data/IVM6303_ATE_Test_Plan_Rev1.xlsx?raw=true HTTP/1.1" 302 0]
[[17:23:31] : DEBUG : connectionpool : https://github.com:443 "GET /HarishKumarSedu/IVM6303/raw/master/src/raw_data/IVM6303_ATE_Test_Plan_Rev1.xlsx HTTP/1.1" 302 0]
[[17:23:31] : DEBUG : connectionpool : Starting new HTTPS connection (1): raw.githubusercontent.com:443]
[[17:23:32] : DEBUG : connectionpool : https://raw.githubusercontent.com:443 "GET /HarishKumarSedu/IVM6303/master/src/raw_data/IVM6303_ATE_Test_Plan_Rev1.xlsx HTTP/1.1" 200 12373]
[[17:23:32] : INFO : data_ingestion :  data file name downloaded with name of IVM6303_ATE_Test_Plan_Rev1.xlsx]
[[17:23:32] : INFO : common : yaml file: config\config.yaml loaded successfully]
[[17:23:32] : INFO : test_data_generate : test data generated]
[[17:23:32] : INFO : test_data_generate : test sonfiguration file generated]
[[17:23:32] : INFO : common : yaml file: config\config.yaml loaded successfully]
[[17:23:32] : INFO : test_create : TestBench created ...
]
[[17:23:32] : INFO : common : yaml file: artifacts\test_data_generate\test_config.yaml loaded successfully]
[[17:23:32] : INFO : test_create : Page PGM_production_self_consistent directory created]
[[17:24:10] : INFO : common : yaml file: config\config.yaml loaded successfully]
[[17:24:10] : DEBUG : connectionpool : Starting new HTTPS connection (1): github.com:443]
[[17:24:11] : DEBUG : connectionpool : https://github.com:443 "GET /HarishKumarSedu/IVM6303/blob/master/src/raw_data/IVM6303_ATE_Test_Plan_Rev1.xlsx?raw=true HTTP/1.1" 302 0]
[[17:24:11] : DEBUG : connectionpool : https://github.com:443 "GET /HarishKumarSedu/IVM6303/raw/master/src/raw_data/IVM6303_ATE_Test_Plan_Rev1.xlsx HTTP/1.1" 302 0]
[[17:24:11] : DEBUG : connectionpool : Starting new HTTPS connection (1): raw.githubusercontent.com:443]
[[17:24:12] : DEBUG : connectionpool : https://raw.githubusercontent.com:443 "GET /HarishKumarSedu/IVM6303/master/src/raw_data/IVM6303_ATE_Test_Plan_Rev1.xlsx HTTP/1.1" 200 12373]
[[17:24:12] : INFO : data_ingestion :  data file name downloaded with name of IVM6303_ATE_Test_Plan_Rev1.xlsx]
[[17:24:12] : INFO : common : yaml file: config\config.yaml loaded successfully]
[[17:24:12] : INFO : test_data_generate : test data generated]
[[17:24:12] : INFO : test_data_generate : test sonfiguration file generated]
[[17:24:12] : INFO : common : yaml file: config\config.yaml loaded successfully]
[[17:24:12] : INFO : common : yaml file: artifacts\test_data_generate\test_config.yaml loaded successfully]
[[17:24:12] : INFO : test_create : VBG_TRM_1_2V_REF.py script created...!]
[[17:24:12] : INFO : test_create : FRO_TRM.py script created...!]
[[17:24:12] : INFO : test_create : FRO_TRM_dummy.py script created...!]
[[17:25:30] : INFO : common : yaml file: config\config.yaml loaded successfully]
[[17:25:30] : DEBUG : connectionpool : Starting new HTTPS connection (1): github.com:443]
[[17:25:31] : DEBUG : connectionpool : https://github.com:443 "GET /HarishKumarSedu/IVM6303/blob/master/src/raw_data/IVM6303_ATE_Test_Plan_Rev1.xlsx?raw=true HTTP/1.1" 302 0]
[[17:25:31] : DEBUG : connectionpool : https://github.com:443 "GET /HarishKumarSedu/IVM6303/raw/master/src/raw_data/IVM6303_ATE_Test_Plan_Rev1.xlsx HTTP/1.1" 302 0]
[[17:25:31] : DEBUG : connectionpool : Starting new HTTPS connection (1): raw.githubusercontent.com:443]
[[17:25:31] : DEBUG : connectionpool : https://raw.githubusercontent.com:443 "GET /HarishKumarSedu/IVM6303/master/src/raw_data/IVM6303_ATE_Test_Plan_Rev1.xlsx HTTP/1.1" 200 12373]
[[17:25:31] : INFO : data_ingestion :  data file name downloaded with name of IVM6303_ATE_Test_Plan_Rev1.xlsx]
[[17:25:31] : INFO : common : yaml file: config\config.yaml loaded successfully]
[[17:25:31] : INFO : test_data_generate : test data generated]
[[17:25:31] : INFO : test_data_generate : test sonfiguration file generated]
[[17:25:31] : INFO : common : yaml file: config\config.yaml loaded successfully]
[[17:25:31] : INFO : test_create : TestBench created ...
]
[[17:25:31] : INFO : common : yaml file: artifacts\test_data_generate\test_config.yaml loaded successfully]
[[17:25:31] : INFO : test_create : Page PGM_production_self_consistent directory created]
[[17:25:31] : INFO : test_create : VBG_TRM_1_2V_REF.py script created...!]
[[17:25:31] : INFO : test_create : FRO_TRM.py script created...!]
[[17:25:31] : INFO : test_create : FRO_TRM_dummy.py script created...!]
[[17:27:03] : INFO : common : yaml file: config\config.yaml loaded successfully]
[[17:27:03] : DEBUG : connectionpool : Starting new HTTPS connection (1): github.com:443]
[[17:27:04] : DEBUG : connectionpool : https://github.com:443 "GET /HarishKumarSedu/IVM6303/blob/master/src/raw_data/IVM6303_ATE_Test_Plan_Rev1.xlsx?raw=true HTTP/1.1" 302 0]
[[17:27:04] : DEBUG : connectionpool : https://github.com:443 "GET /HarishKumarSedu/IVM6303/raw/master/src/raw_data/IVM6303_ATE_Test_Plan_Rev1.xlsx HTTP/1.1" 302 0]
[[17:27:04] : DEBUG : connectionpool : Starting new HTTPS connection (1): raw.githubusercontent.com:443]
[[17:27:05] : DEBUG : connectionpool : https://raw.githubusercontent.com:443 "GET /HarishKumarSedu/IVM6303/master/src/raw_data/IVM6303_ATE_Test_Plan_Rev1.xlsx HTTP/1.1" 200 12373]
[[17:27:05] : INFO : data_ingestion :  data file name downloaded with name of IVM6303_ATE_Test_Plan_Rev1.xlsx]
[[17:27:05] : INFO : common : yaml file: config\config.yaml loaded successfully]
[[17:27:05] : INFO : test_data_generate : test data generated]
[[17:27:05] : INFO : test_data_generate : test sonfiguration file generated]
[[17:27:05] : INFO : common : yaml file: config\config.yaml loaded successfully]
[[17:27:05] : INFO : common : yaml file: artifacts\test_data_generate\test_config.yaml loaded successfully]
[[17:27:05] : WARNING : test_create : VBG_TRM_1_2V_REF.py script already exists...!]
[[17:27:05] : WARNING : test_create : FRO_TRM.py script already exists...!]
[[17:27:05] : WARNING : test_create : FRO_TRM_dummy.py script already exists...!]
[[17:27:14] : INFO : common : yaml file: config\config.yaml loaded successfully]
[[17:27:14] : DEBUG : connectionpool : Starting new HTTPS connection (1): github.com:443]
[[17:27:14] : DEBUG : connectionpool : https://github.com:443 "GET /HarishKumarSedu/IVM6303/blob/master/src/raw_data/IVM6303_ATE_Test_Plan_Rev1.xlsx?raw=true HTTP/1.1" 302 0]
[[17:27:14] : DEBUG : connectionpool : https://github.com:443 "GET /HarishKumarSedu/IVM6303/raw/master/src/raw_data/IVM6303_ATE_Test_Plan_Rev1.xlsx HTTP/1.1" 302 0]
[[17:27:14] : DEBUG : connectionpool : Starting new HTTPS connection (1): raw.githubusercontent.com:443]
[[17:27:15] : DEBUG : connectionpool : https://raw.githubusercontent.com:443 "GET /HarishKumarSedu/IVM6303/master/src/raw_data/IVM6303_ATE_Test_Plan_Rev1.xlsx HTTP/1.1" 200 12373]
[[17:27:15] : INFO : data_ingestion :  data file name downloaded with name of IVM6303_ATE_Test_Plan_Rev1.xlsx]
[[17:27:15] : INFO : common : yaml file: config\config.yaml loaded successfully]
[[17:27:15] : INFO : test_data_generate : test data generated]
[[17:27:15] : INFO : test_data_generate : test sonfiguration file generated]
[[17:27:15] : INFO : common : yaml file: config\config.yaml loaded successfully]
[[17:27:15] : INFO : test_create : TestBench created ...
]
[[17:27:15] : INFO : common : yaml file: artifacts\test_data_generate\test_config.yaml loaded successfully]
[[17:27:15] : INFO : test_create : Page PGM_production_self_consistent directory created]
[[17:27:15] : INFO : test_create : VBG_TRM_1_2V_REF.py script created...!]
[[17:27:15] : INFO : test_create : FRO_TRM.py script created...!]
[[17:27:15] : INFO : test_create : FRO_TRM_dummy.py script created...!]
[[17:31:40] : INFO : common : yaml file: config\config.yaml loaded successfully]
[[17:31:40] : INFO : common : yaml file: artifacts\test_data_generate\test_config.yaml loaded successfully]
[[17:32:52] : INFO : common : yaml file: config\config.yaml loaded successfully]
[[17:32:53] : DEBUG : connectionpool : Starting new HTTPS connection (1): github.com:443]
[[17:32:53] : DEBUG : connectionpool : https://github.com:443 "GET /HarishKumarSedu/IVM6303/blob/master/src/raw_data/IVM6303_ATE_Test_Plan_Rev1.xlsx?raw=true HTTP/1.1" 302 0]
[[17:32:54] : DEBUG : connectionpool : https://github.com:443 "GET /HarishKumarSedu/IVM6303/raw/master/src/raw_data/IVM6303_ATE_Test_Plan_Rev1.xlsx HTTP/1.1" 302 0]
[[17:32:54] : DEBUG : connectionpool : Starting new HTTPS connection (1): raw.githubusercontent.com:443]
[[17:32:54] : DEBUG : connectionpool : https://raw.githubusercontent.com:443 "GET /HarishKumarSedu/IVM6303/master/src/raw_data/IVM6303_ATE_Test_Plan_Rev1.xlsx HTTP/1.1" 200 12373]
[[17:32:54] : INFO : data_ingestion :  data file name downloaded with name of IVM6303_ATE_Test_Plan_Rev1.xlsx]
[[17:32:54] : INFO : common : yaml file: config\config.yaml loaded successfully]
[[17:32:54] : INFO : test_data_generate : test data generated]
[[17:32:54] : INFO : test_data_generate : test sonfiguration file generated]
[[17:32:54] : INFO : common : yaml file: config\config.yaml loaded successfully]
[[17:32:54] : INFO : common : yaml file: artifacts\test_data_generate\test_config.yaml loaded successfully]
[[17:32:54] : WARNING : test_create : VBG_TRM_1_2V_REF.py script already exists...!]
[[17:32:54] : WARNING : test_create : FRO_TRM.py script already exists...!]
[[17:32:54] : WARNING : test_create : FRO_TRM_dummy.py script already exists...!]
[[17:33:17] : INFO : common : yaml file: config\config.yaml loaded successfully]
[[17:33:17] : DEBUG : connectionpool : Starting new HTTPS connection (1): github.com:443]
[[17:33:18] : DEBUG : connectionpool : https://github.com:443 "GET /HarishKumarSedu/IVM6303/blob/master/src/raw_data/IVM6303_ATE_Test_Plan_Rev1.xlsx?raw=true HTTP/1.1" 302 0]
[[17:33:18] : DEBUG : connectionpool : https://github.com:443 "GET /HarishKumarSedu/IVM6303/raw/master/src/raw_data/IVM6303_ATE_Test_Plan_Rev1.xlsx HTTP/1.1" 302 0]
[[17:33:18] : DEBUG : connectionpool : Starting new HTTPS connection (1): raw.githubusercontent.com:443]
[[17:33:19] : DEBUG : connectionpool : https://raw.githubusercontent.com:443 "GET /HarishKumarSedu/IVM6303/master/src/raw_data/IVM6303_ATE_Test_Plan_Rev1.xlsx HTTP/1.1" 200 12373]
[[17:33:19] : INFO : data_ingestion :  data file name downloaded with name of IVM6303_ATE_Test_Plan_Rev1.xlsx]
[[17:33:19] : INFO : common : yaml file: config\config.yaml loaded successfully]
[[17:33:19] : INFO : test_data_generate : test data generated]
[[17:33:19] : INFO : test_data_generate : test sonfiguration file generated]
[[17:33:19] : INFO : common : yaml file: config\config.yaml loaded successfully]
[[17:33:19] : INFO : test_create : TestBench created ...
]
[[17:33:19] : INFO : common : yaml file: artifacts\test_data_generate\test_config.yaml loaded successfully]
[[17:33:19] : INFO : test_create : Page PGM_production_self_consistent directory created]
[[17:33:19] : INFO : test_create : VBG_TRM_1_2V_REF.py script created...!]
[[17:33:19] : INFO : test_create : FRO_TRM.py script created...!]
[[17:33:19] : INFO : test_create : FRO_TRM_dummy.py script created...!]
[[17:34:47] : INFO : common : yaml file: config\config.yaml loaded successfully]
[[17:34:47] : INFO : common : yaml file: artifacts\test_data_generate\test_config.yaml loaded successfully]
[[17:35:14] : INFO : common : yaml file: config\config.yaml loaded successfully]
[[17:35:14] : INFO : common : yaml file: artifacts\test_data_generate\test_config.yaml loaded successfully]
